[01m[K/home/cs141/vnav_labs/ros_ws/src/two_drones_pkg/src/plots_publisher_node.cpp:[m[K In member function â€˜[01m[Kvoid PlotsPublisherNode::TrajTrail::update()[m[Kâ€™:
[01m[K/home/cs141/vnav_labs/ros_ws/src/two_drones_pkg/src/plots_publisher_node.cpp:52:10:[m[K [01;31m[Kerror: [m[Kinvalid use of non-static data member â€˜[01m[KPlotsPublisherNode::tf_listener[m[Kâ€™
   52 |          [01;31m[Ktf_listener[m[K.waitForTransform("dest_frame", "ref_frame", ros::Time(0), ros::Duration(10.0));
      |          [01;31m[K^~~~~~~~~~~[m[K
[01m[K/home/cs141/vnav_labs/ros_ws/src/two_drones_pkg/src/plots_publisher_node.cpp:14:24:[m[K [01;36m[Knote: [m[Kdeclared here
   14 |  tf::TransformListener [01;36m[Ktf_listener[m[K; // listen to broadcast
      |                        [01;36m[K^~~~~~~~~~~[m[K
[01m[K/home/cs141/vnav_labs/ros_ws/src/two_drones_pkg/src/plots_publisher_node.cpp:54:10:[m[K [01;31m[Kerror: [m[Kinvalid use of non-static data member â€˜[01m[KPlotsPublisherNode::tf_listener[m[Kâ€™
   54 |          [01;31m[Ktf_listener[m[K.lookupTransform("dest_frame", "ref_frame", ros::Time(0), transform);
      |          [01;31m[K^~~~~~~~~~~[m[K
[01m[K/home/cs141/vnav_labs/ros_ws/src/two_drones_pkg/src/plots_publisher_node.cpp:14:24:[m[K [01;36m[Knote: [m[Kdeclared here
   14 |  tf::TransformListener [01;36m[Ktf_listener[m[K; // listen to broadcast
      |                        [01;36m[K^~~~~~~~~~~[m[K
make[2]: *** [CMakeFiles/plots_publisher_node.dir/build.make:63: CMakeFiles/plots_publisher_node.dir/src/plots_publisher_node.cpp.o] Error 1
make[1]: *** [CMakeFiles/Makefile2:187: CMakeFiles/plots_publisher_node.dir/all] Error 2
make: *** [Makefile:141: all] Error 2
